<?xml version="1.0" encoding="UTF-8"?>
<!-- Generated by org.testng.reporters.JUnitReportReporter -->
<testsuite hostname="DESKTOP-MAHADEV" failures="0" tests="2" name="com.datadriven.framework.test.LoginTest" time="233.775" errors="0" timestamp="16 May 2023 08:54:03 GMT" skipped="0">
  <testcase classname="com.datadriven.framework.test.LoginTest" name="createNewContact" time="218.805"/>
  <testcase classname="com.datadriven.framework.test.LoginTest" name="loginIntoApplication" time="14.970"/>
</testsuite> <!-- com.datadriven.framework.test.LoginTest -->
