<?xml version="1.0" encoding="UTF-8"?>
<!-- Generated by org.testng.reporters.JUnitReportReporter -->
<testsuite hostname="DESKTOP-MAHADEV" failures="0" tests="2" name="com.datadriven.framework.test.LoginTest" time="109.622" errors="0" timestamp="21 May 2023 09:27:09 GMT" skipped="0">
  <testcase classname="com.datadriven.framework.test.LoginTest" name="createNewContact" time="87.084"/>
  <testcase classname="com.datadriven.framework.test.LoginTest" name="loginIntoApplication" time="22.538"/>
</testsuite> <!-- com.datadriven.framework.test.LoginTest -->
